<?xml version="1.0" encoding="UTF-8"?>
<testng-results skipped="0" failed="0" ignored="0" total="1" passed="1">
  <reporter-output>
  </reporter-output>
  <suite name="Default suite" duration-ms="3424" started-at="2020-01-09T11:09:36Z" finished-at="2020-01-09T11:09:39Z">
    <groups>
    </groups>
    <test name="Default test" duration-ms="3424" started-at="2020-01-09T11:09:36Z" finished-at="2020-01-09T11:09:39Z">
      <class name="com.bridgelabz.restapitest.tests.PostApiTest">
        <test-method status="PASS" signature="setUp()[pri:0, instance:com.bridgelabz.restapitest.tests.PostApiTest@100fc185]" name="setUp" is-config="true" duration-ms="29" started-at="2020-01-09T16:39:36Z" finished-at="2020-01-09T16:39:36Z">
          <reporter-output>
          </reporter-output>
        </test-method> <!-- setUp -->
        <test-method status="PASS" signature="postTest()[pri:0, instance:com.bridgelabz.restapitest.tests.PostApiTest@100fc185]" name="postTest" duration-ms="3325" started-at="2020-01-09T16:39:36Z" finished-at="2020-01-09T16:39:39Z">
          <reporter-output>
          </reporter-output>
        </test-method> <!-- postTest -->
      </class> <!-- com.bridgelabz.restapitest.tests.PostApiTest -->
    </test> <!-- Default test -->
  </suite> <!-- Default suite -->
</testng-results>
